2025-08-03 10:18:00,435 - __main__ - ERROR - API health check failed: 500
2025-08-03 10:18:00,436 - __main__ - ERROR - Cannot connect to Flask API. Please ensure the server is running.
2025-08-03 10:22:21,058 - __main__ - INFO - API connection successful: http://localhost:5000
2025-08-03 10:22:21,060 - __main__ - INFO - Added sensor 1 (temperature) at Greenhouse Zone A
2025-08-03 10:22:21,060 - __main__ - INFO - Added sensor 2 (humidity) at Greenhouse Zone A
2025-08-03 10:22:21,063 - __main__ - INFO - Added sensor 3 (moisture) at Field Section 1
2025-08-03 10:22:21,065 - __main__ - INFO - Added sensor 4 (light) at Greenhouse Zone A
2025-08-03 10:22:21,088 - __main__ - INFO - Added sensor 5 (temperature) at Greenhouse Zone B
2025-08-03 10:22:21,090 - __main__ - INFO - Added sensor 6 (humidity) at Greenhouse Zone B
2025-08-03 10:22:21,091 - __main__ - INFO - Added sensor 7 (moisture) at Field Section 2
2025-08-03 10:22:21,093 - __main__ - INFO - Added sensor 8 (ph) at Soil Sample Area
2025-08-03 10:22:21,094 - __main__ - INFO - Starting simulation for 8 sensors
2025-08-03 10:22:21,099 - __main__ - INFO - Starting simulation for sensor 1 (temperature) at Greenhouse Zone A
2025-08-03 10:22:22,101 - __main__ - INFO - Starting simulation for sensor 2 (humidity) at Greenhouse Zone A
2025-08-03 10:22:23,104 - __main__ - INFO - Starting simulation for sensor 3 (moisture) at Field Section 1
2025-08-03 10:22:24,106 - __main__ - INFO - Starting simulation for sensor 4 (light) at Greenhouse Zone A
2025-08-03 10:22:25,109 - __main__ - INFO - Starting simulation for sensor 5 (temperature) at Greenhouse Zone B
2025-08-03 10:22:26,112 - __main__ - INFO - Starting simulation for sensor 6 (humidity) at Greenhouse Zone B
2025-08-03 10:22:27,114 - __main__ - INFO - Starting simulation for sensor 7 (moisture) at Field Section 2
2025-08-03 10:22:28,116 - __main__ - INFO - Starting simulation for sensor 8 (ph) at Soil Sample Area
2025-08-03 10:22:29,117 - __main__ - INFO - All sensors started successfully
2025-08-03 10:22:29,120 - __main__ - INFO - Simulation running... (Duration: indefinite)
2025-08-03 10:22:29,122 - __main__ - INFO - Press Ctrl+C to stop
2025-08-03 10:42:44,037 - __main__ - ERROR - Failed to send data for sensor 8: HTTPConnectionPool(host='localhost', port=5000): Read timed out. (read timeout=5)
2025-08-03 10:42:54,339 - __main__ - ERROR - Failed to send data for sensor 2: HTTPConnectionPool(host='localhost', port=5000): Read timed out. (read timeout=5)
2025-08-03 10:42:54,386 - __main__ - ERROR - Failed to send data for sensor 1: HTTPConnectionPool(host='localhost', port=5000): Read timed out. (read timeout=5)
2025-08-03 10:42:55,250 - __main__ - ERROR - Failed to send data for sensor 5: HTTPConnectionPool(host='localhost', port=5000): Read timed out. (read timeout=5)
2025-08-03 10:42:57,959 - __main__ - ERROR - Failed to send data for sensor 6: HTTPConnectionPool(host='localhost', port=5000): Read timed out. (read timeout=5)
2025-08-03 10:43:14,274 - __main__ - ERROR - Failed to send data for sensor 3: HTTPConnectionPool(host='localhost', port=5000): Read timed out. (read timeout=5)
2025-08-03 10:43:16,938 - __main__ - ERROR - Failed to send data for sensor 4: HTTPConnectionPool(host='localhost', port=5000): Read timed out. (read timeout=5)
2025-08-03 10:43:18,771 - __main__ - ERROR - Failed to send data for sensor 7: HTTPConnectionPool(host='localhost', port=5000): Read timed out. (read timeout=5)
2025-08-03 14:53:14,692 - __main__ - INFO - API connection successful: http://localhost:5000
2025-08-03 14:53:14,715 - __main__ - INFO - Added sensor 1 (temperature) at Greenhouse Zone A
2025-08-03 14:53:14,725 - __main__ - INFO - Added sensor 2 (humidity) at Greenhouse Zone A
2025-08-03 14:53:14,729 - __main__ - INFO - Added sensor 3 (moisture) at Field Section 1
2025-08-03 14:53:14,729 - __main__ - INFO - Added sensor 4 (light) at Greenhouse Zone A
2025-08-03 14:53:14,732 - __main__ - INFO - Added sensor 5 (temperature) at Greenhouse Zone B
2025-08-03 14:53:14,733 - __main__ - INFO - Added sensor 6 (humidity) at Greenhouse Zone B
2025-08-03 14:53:14,735 - __main__ - INFO - Added sensor 7 (moisture) at Field Section 2
2025-08-03 14:53:14,737 - __main__ - INFO - Added sensor 8 (ph) at Soil Sample Area
2025-08-03 14:53:14,739 - __main__ - INFO - Starting simulation for 8 sensors
2025-08-03 14:53:14,742 - __main__ - INFO - Starting simulation for sensor 1 (temperature) at Greenhouse Zone A
2025-08-03 14:53:15,744 - __main__ - INFO - Starting simulation for sensor 2 (humidity) at Greenhouse Zone A
2025-08-03 14:53:16,748 - __main__ - INFO - Starting simulation for sensor 3 (moisture) at Field Section 1
2025-08-03 14:53:17,021 - __main__ - ERROR - API error for sensor 1: 500 - {
  "error": "Failed to add reading"
}

2025-08-03 14:53:17,751 - __main__ - INFO - Starting simulation for sensor 4 (light) at Greenhouse Zone A
2025-08-03 14:53:17,803 - __main__ - ERROR - API error for sensor 2: 500 - {
  "error": "Failed to add reading"
}

2025-08-03 14:53:18,754 - __main__ - INFO - Starting simulation for sensor 5 (temperature) at Greenhouse Zone B
2025-08-03 14:53:18,816 - __main__ - ERROR - API error for sensor 3: 500 - {
  "error": "Failed to add reading"
}

2025-08-03 14:53:19,866 - __main__ - INFO - Starting simulation for sensor 6 (humidity) at Greenhouse Zone B
2025-08-03 14:53:19,924 - __main__ - ERROR - API error for sensor 4: 500 - {
  "error": "Failed to add reading"
}

2025-08-03 14:53:20,821 - __main__ - ERROR - API error for sensor 5: 500 - {
  "error": "Failed to add reading"
}

2025-08-03 14:53:20,868 - __main__ - INFO - Starting simulation for sensor 7 (moisture) at Field Section 2
2025-08-03 14:53:21,869 - __main__ - INFO - Starting simulation for sensor 8 (ph) at Soil Sample Area
2025-08-03 14:53:21,968 - __main__ - ERROR - API error for sensor 6: 500 - {
  "error": "Failed to add reading"
}

2025-08-03 14:53:22,870 - __main__ - INFO - All sensors started successfully
2025-08-03 14:53:22,870 - __main__ - INFO - Simulation running... (Duration: indefinite)
2025-08-03 14:53:22,872 - __main__ - INFO - Press Ctrl+C to stop
2025-08-03 14:53:22,948 - __main__ - ERROR - API error for sensor 7: 500 - {
  "error": "Failed to add reading"
}

2025-08-03 14:53:23,945 - __main__ - ERROR - API error for sensor 8: 500 - {
  "error": "Failed to add reading"
}

2025-08-03 14:53:49,113 - __main__ - ERROR - API error for sensor 1: 500 - {
  "error": "Failed to add reading"
}

2025-08-03 14:53:49,874 - __main__ - ERROR - API error for sensor 2: 500 - {
  "error": "Failed to add reading"
}

2025-08-03 14:53:52,886 - __main__ - ERROR - API error for sensor 5: 500 - {
  "error": "Failed to add reading"
}

2025-08-03 14:53:54,045 - __main__ - ERROR - API error for sensor 6: 500 - {
  "error": "Failed to add reading"
}

2025-08-03 14:54:20,886 - __main__ - ERROR - API error for sensor 3: 500 - {
  "error": "Failed to add reading"
}

2025-08-03 14:54:21,203 - __main__ - ERROR - API error for sensor 1: 500 - {
  "error": "Failed to add reading"
}

2025-08-03 14:54:21,959 - __main__ - ERROR - API error for sensor 2: 500 - {
  "error": "Failed to add reading"
}

2025-08-03 14:54:21,984 - __main__ - ERROR - API error for sensor 4: 500 - {
  "error": "Failed to add reading"
}

2025-08-03 14:54:24,957 - __main__ - ERROR - API error for sensor 5: 500 - {
  "error": "Failed to add reading"
}

2025-08-03 14:54:25,048 - __main__ - ERROR - API error for sensor 7: 500 - {
  "error": "Failed to add reading"
}

2025-08-03 14:54:26,109 - __main__ - ERROR - API error for sensor 6: 500 - {
  "error": "Failed to add reading"
}

2025-08-03 14:54:53,278 - __main__ - ERROR - API error for sensor 1: 500 - {
  "error": "Failed to add reading"
}

2025-08-03 14:54:54,044 - __main__ - ERROR - API error for sensor 2: 500 - {
  "error": "Failed to add reading"
}

2025-08-03 14:54:57,024 - __main__ - ERROR - API error for sensor 5: 500 - {
  "error": "Failed to add reading"
}

2025-08-03 14:54:58,188 - __main__ - ERROR - API error for sensor 6: 500 - {
  "error": "Failed to add reading"
}

2025-08-03 14:55:23,048 - __main__ - ERROR - API error for sensor 3: 500 - {
  "error": "Failed to add reading"
}

2025-08-03 14:55:24,055 - __main__ - ERROR - API error for sensor 4: 500 - {
  "error": "Failed to add reading"
}

2025-08-03 14:55:25,345 - __main__ - ERROR - API error for sensor 1: 500 - {
  "error": "Failed to add reading"
}

2025-08-03 14:55:26,114 - __main__ - ERROR - API error for sensor 2: 500 - {
  "error": "Failed to add reading"
}

2025-08-03 14:55:27,129 - __main__ - ERROR - API error for sensor 7: 500 - {
  "error": "Failed to add reading"
}

2025-08-03 14:55:29,095 - __main__ - ERROR - API error for sensor 5: 500 - {
  "error": "Failed to add reading"
}

2025-08-03 14:55:30,276 - __main__ - ERROR - API error for sensor 6: 500 - {
  "error": "Failed to add reading"
}

2025-08-03 14:55:57,438 - __main__ - ERROR - API error for sensor 1: 500 - {
  "error": "Failed to add reading"
}

2025-08-03 14:55:58,194 - __main__ - ERROR - API error for sensor 2: 500 - {
  "error": "Failed to add reading"
}

2025-08-03 14:56:01,158 - __main__ - ERROR - API error for sensor 5: 500 - {
  "error": "Failed to add reading"
}

2025-08-03 14:56:02,365 - __main__ - ERROR - API error for sensor 6: 500 - {
  "error": "Failed to add reading"
}

2025-08-03 14:56:25,117 - __main__ - ERROR - API error for sensor 3: 500 - {
  "error": "Failed to add reading"
}

2025-08-03 14:56:26,127 - __main__ - ERROR - API error for sensor 4: 500 - {
  "error": "Failed to add reading"
}

2025-08-03 14:56:27,145 - __main__ - INFO - Sensor 7: Simulated irrigation event
2025-08-03 14:56:29,211 - __main__ - ERROR - API error for sensor 7: 500 - {
  "error": "Failed to add reading"
}

2025-08-03 14:56:29,517 - __main__ - ERROR - API error for sensor 1: 500 - {
  "error": "Failed to add reading"
}

2025-08-03 14:56:30,303 - __main__ - ERROR - API error for sensor 2: 500 - {
  "error": "Failed to add reading"
}

2025-08-03 14:56:33,248 - __main__ - ERROR - API error for sensor 5: 500 - {
  "error": "Failed to add reading"
}

2025-08-03 14:56:34,416 - __main__ - ERROR - API error for sensor 6: 500 - {
  "error": "Failed to add reading"
}

2025-08-03 14:57:01,618 - __main__ - ERROR - API error for sensor 1: 500 - {
  "error": "Failed to add reading"
}

2025-08-03 14:57:02,387 - __main__ - ERROR - API error for sensor 2: 500 - {
  "error": "Failed to add reading"
}

2025-08-03 14:57:05,330 - __main__ - ERROR - API error for sensor 5: 500 - {
  "error": "Failed to add reading"
}

2025-08-03 14:57:06,474 - __main__ - ERROR - API error for sensor 6: 500 - {
  "error": "Failed to add reading"
}

2025-08-03 14:57:27,194 - __main__ - ERROR - API error for sensor 3: 500 - {
  "error": "Failed to add reading"
}

2025-08-03 14:57:28,214 - __main__ - ERROR - API error for sensor 4: 500 - {
  "error": "Failed to add reading"
}

2025-08-03 14:57:31,287 - __main__ - ERROR - API error for sensor 7: 500 - {
  "error": "Failed to add reading"
}

2025-08-03 14:57:33,681 - __main__ - ERROR - API error for sensor 1: 500 - {
  "error": "Failed to add reading"
}

2025-08-03 14:57:34,478 - __main__ - ERROR - API error for sensor 2: 500 - {
  "error": "Failed to add reading"
}

2025-08-03 14:57:37,433 - __main__ - ERROR - API error for sensor 5: 500 - {
  "error": "Failed to add reading"
}

2025-08-03 14:57:38,571 - __main__ - ERROR - API error for sensor 6: 500 - {
  "error": "Failed to add reading"
}

2025-08-03 14:58:05,855 - __main__ - ERROR - API error for sensor 1: 500 - {
  "error": "Failed to add reading"
}

2025-08-03 14:58:06,589 - __main__ - ERROR - API error for sensor 2: 500 - {
  "error": "Failed to add reading"
}

2025-08-03 14:58:09,506 - __main__ - ERROR - API error for sensor 5: 500 - {
  "error": "Failed to add reading"
}

2025-08-03 14:58:10,651 - __main__ - ERROR - API error for sensor 6: 500 - {
  "error": "Failed to add reading"
}

2025-08-03 14:58:26,035 - __main__ - ERROR - API error for sensor 8: 500 - {
  "error": "Failed to add reading"
}

2025-08-03 14:58:29,351 - __main__ - ERROR - API error for sensor 3: 500 - {
  "error": "Failed to add reading"
}

2025-08-03 14:58:30,272 - __main__ - ERROR - API error for sensor 4: 500 - {
  "error": "Failed to add reading"
}

2025-08-03 14:58:33,394 - __main__ - ERROR - API error for sensor 7: 500 - {
  "error": "Failed to add reading"
}

2025-08-03 14:58:37,934 - __main__ - ERROR - API error for sensor 1: 500 - {
  "error": "Failed to add reading"
}

2025-08-03 14:58:38,680 - __main__ - ERROR - API error for sensor 2: 500 - {
  "error": "Failed to add reading"
}

2025-08-03 14:58:41,592 - __main__ - ERROR - API error for sensor 5: 500 - {
  "error": "Failed to add reading"
}

2025-08-03 14:58:42,706 - __main__ - ERROR - API error for sensor 6: 500 - {
  "error": "Failed to add reading"
}

2025-08-03 14:59:10,054 - __main__ - ERROR - API error for sensor 1: 500 - {
  "error": "Failed to add reading"
}

2025-08-03 14:59:10,735 - __main__ - ERROR - API error for sensor 2: 500 - {
  "error": "Failed to add reading"
}

2025-08-03 14:59:13,658 - __main__ - ERROR - API error for sensor 5: 500 - {
  "error": "Failed to add reading"
}

2025-08-03 14:59:14,778 - __main__ - ERROR - API error for sensor 6: 500 - {
  "error": "Failed to add reading"
}

2025-08-03 14:59:31,429 - __main__ - ERROR - API error for sensor 3: 500 - {
  "error": "Failed to add reading"
}

2025-08-03 14:59:32,334 - __main__ - ERROR - API error for sensor 4: 500 - {
  "error": "Failed to add reading"
}

2025-08-03 14:59:35,478 - __main__ - ERROR - API error for sensor 7: 500 - {
  "error": "Failed to add reading"
}

2025-08-03 14:59:42,138 - __main__ - ERROR - API error for sensor 1: 500 - {
  "error": "Failed to add reading"
}

2025-08-03 14:59:42,802 - __main__ - ERROR - API error for sensor 2: 500 - {
  "error": "Failed to add reading"
}

2025-08-03 14:59:45,730 - __main__ - ERROR - API error for sensor 5: 500 - {
  "error": "Failed to add reading"
}

2025-08-03 14:59:46,883 - __main__ - ERROR - API error for sensor 6: 500 - {
  "error": "Failed to add reading"
}

2025-08-03 15:00:14,225 - __main__ - ERROR - API error for sensor 1: 500 - {
  "error": "Failed to add reading"
}

2025-08-03 15:00:14,891 - __main__ - ERROR - API error for sensor 2: 500 - {
  "error": "Failed to add reading"
}

2025-08-03 15:00:17,840 - __main__ - ERROR - API error for sensor 5: 500 - {
  "error": "Failed to add reading"
}

2025-08-03 15:00:18,963 - __main__ - ERROR - API error for sensor 6: 500 - {
  "error": "Failed to add reading"
}

2025-08-03 15:00:33,510 - __main__ - ERROR - API error for sensor 3: 500 - {
  "error": "Failed to add reading"
}

2025-08-03 15:00:34,428 - __main__ - ERROR - API error for sensor 4: 500 - {
  "error": "Failed to add reading"
}

2025-08-03 15:00:37,558 - __main__ - ERROR - API error for sensor 7: 500 - {
  "error": "Failed to add reading"
}

2025-08-03 15:00:46,317 - __main__ - ERROR - API error for sensor 1: 500 - {
  "error": "Failed to add reading"
}

2025-08-03 15:00:46,961 - __main__ - ERROR - API error for sensor 2: 500 - {
  "error": "Failed to add reading"
}

2025-08-03 15:00:49,928 - __main__ - ERROR - API error for sensor 5: 500 - {
  "error": "Failed to add reading"
}

2025-08-03 15:00:51,027 - __main__ - ERROR - API error for sensor 6: 500 - {
  "error": "Failed to add reading"
}

2025-08-03 15:01:18,386 - __main__ - ERROR - API error for sensor 1: 500 - {
  "error": "Failed to add reading"
}

2025-08-03 15:01:19,036 - __main__ - ERROR - API error for sensor 2: 500 - {
  "error": "Failed to add reading"
}

2025-08-03 15:01:21,989 - __main__ - ERROR - API error for sensor 5: 500 - {
  "error": "Failed to add reading"
}

2025-08-03 15:01:23,100 - __main__ - ERROR - API error for sensor 6: 500 - {
  "error": "Failed to add reading"
}

2025-08-03 15:01:35,598 - __main__ - ERROR - API error for sensor 3: 500 - {
  "error": "Failed to add reading"
}

2025-08-03 15:01:36,503 - __main__ - ERROR - API error for sensor 4: 500 - {
  "error": "Failed to add reading"
}

2025-08-03 15:01:39,647 - __main__ - ERROR - API error for sensor 7: 500 - {
  "error": "Failed to add reading"
}

2025-08-03 15:01:50,463 - __main__ - ERROR - API error for sensor 1: 500 - {
  "error": "Failed to add reading"
}

2025-08-03 15:01:51,087 - __main__ - ERROR - API error for sensor 2: 500 - {
  "error": "Failed to add reading"
}

2025-08-03 15:01:54,056 - __main__ - ERROR - API error for sensor 5: 500 - {
  "error": "Failed to add reading"
}

2025-08-03 15:01:55,155 - __main__ - ERROR - API error for sensor 6: 500 - {
  "error": "Failed to add reading"
}

2025-08-03 15:02:22,512 - __main__ - ERROR - API error for sensor 1: 500 - {
  "error": "Failed to add reading"
}

2025-08-03 15:02:23,143 - __main__ - ERROR - API error for sensor 2: 500 - {
  "error": "Failed to add reading"
}

2025-08-03 15:02:26,116 - __main__ - ERROR - API error for sensor 5: 500 - {
  "error": "Failed to add reading"
}

2025-08-03 15:02:27,235 - __main__ - ERROR - API error for sensor 6: 500 - {
  "error": "Failed to add reading"
}

2025-08-03 15:02:37,667 - __main__ - ERROR - API error for sensor 3: 500 - {
  "error": "Failed to add reading"
}

2025-08-03 15:02:38,552 - __main__ - ERROR - API error for sensor 4: 500 - {
  "error": "Failed to add reading"
}

2025-08-03 15:02:41,713 - __main__ - ERROR - API error for sensor 7: 500 - {
  "error": "Failed to add reading"
}

2025-08-03 15:02:54,563 - __main__ - ERROR - API error for sensor 1: 500 - {
  "error": "Failed to add reading"
}

2025-08-03 15:02:55,220 - __main__ - ERROR - API error for sensor 2: 500 - {
  "error": "Failed to add reading"
}

2025-08-03 15:02:58,181 - __main__ - ERROR - API error for sensor 5: 500 - {
  "error": "Failed to add reading"
}

2025-08-03 15:02:59,294 - __main__ - ERROR - API error for sensor 6: 500 - {
  "error": "Failed to add reading"
}

2025-08-03 15:03:26,616 - __main__ - ERROR - API error for sensor 1: 500 - {
  "error": "Failed to add reading"
}

2025-08-03 15:03:27,257 - __main__ - ERROR - API error for sensor 2: 500 - {
  "error": "Failed to add reading"
}

2025-08-03 15:03:33,108 - __main__ - ERROR - Failed to send data for sensor 8: HTTPConnectionPool(host='localhost', port=5000): Read timed out. (read timeout=5)
2025-08-03 15:03:34,038 - __main__ - ERROR - API error for sensor 5: 500 - {
  "error": "Failed to add reading"
}

2025-08-03 15:03:34,045 - __main__ - ERROR - API error for sensor 6: 500 - {
  "error": "Failed to add reading"
}

2025-08-03 15:03:39,747 - __main__ - ERROR - API error for sensor 3: 500 - {
  "error": "Failed to add reading"
}

2025-08-03 15:03:40,626 - __main__ - ERROR - API error for sensor 4: 500 - {
  "error": "Failed to add reading"
}

2025-08-03 15:03:43,779 - __main__ - ERROR - API error for sensor 7: 500 - {
  "error": "Failed to add reading"
}

2025-08-03 15:03:58,673 - __main__ - ERROR - API error for sensor 1: 500 - {
  "error": "Failed to add reading"
}

2025-08-03 15:03:59,316 - __main__ - ERROR - API error for sensor 2: 500 - {
  "error": "Failed to add reading"
}

2025-08-03 15:04:06,117 - __main__ - ERROR - API error for sensor 6: 500 - {
  "error": "Failed to add reading"
}

2025-08-03 15:04:06,135 - __main__ - ERROR - API error for sensor 5: 500 - {
  "error": "Failed to add reading"
}

2025-08-03 15:04:30,760 - __main__ - ERROR - API error for sensor 1: 500 - {
  "error": "Failed to add reading"
}

2025-08-03 15:04:31,355 - __main__ - ERROR - API error for sensor 2: 500 - {
  "error": "Failed to add reading"
}

2025-08-03 15:04:38,185 - __main__ - ERROR - API error for sensor 6: 500 - {
  "error": "Failed to add reading"
}

2025-08-03 15:04:38,215 - __main__ - ERROR - API error for sensor 5: 500 - {
  "error": "Failed to add reading"
}

2025-08-03 15:04:41,864 - __main__ - ERROR - API error for sensor 3: 500 - {
  "error": "Failed to add reading"
}

2025-08-03 15:04:42,695 - __main__ - ERROR - API error for sensor 4: 500 - {
  "error": "Failed to add reading"
}

2025-08-03 15:04:45,916 - __main__ - ERROR - API error for sensor 7: 500 - {
  "error": "Failed to add reading"
}

2025-08-03 15:05:02,817 - __main__ - ERROR - API error for sensor 1: 500 - {
  "error": "Failed to add reading"
}

2025-08-03 15:05:03,423 - __main__ - ERROR - API error for sensor 2: 500 - {
  "error": "Failed to add reading"
}

2025-08-03 15:05:10,226 - __main__ - ERROR - API error for sensor 6: 500 - {
  "error": "Failed to add reading"
}

2025-08-03 15:05:10,272 - __main__ - ERROR - API error for sensor 5: 500 - {
  "error": "Failed to add reading"
}

2025-08-03 15:05:34,878 - __main__ - ERROR - API error for sensor 1: 500 - {
  "error": "Failed to add reading"
}

2025-08-03 15:05:35,496 - __main__ - ERROR - API error for sensor 2: 500 - {
  "error": "Failed to add reading"
}

2025-08-03 15:05:42,286 - __main__ - ERROR - API error for sensor 6: 500 - {
  "error": "Failed to add reading"
}

2025-08-03 15:05:42,346 - __main__ - ERROR - API error for sensor 5: 500 - {
  "error": "Failed to add reading"
}

2025-08-03 15:05:43,927 - __main__ - ERROR - API error for sensor 3: 500 - {
  "error": "Failed to add reading"
}

2025-08-03 15:05:44,790 - __main__ - ERROR - API error for sensor 4: 500 - {
  "error": "Failed to add reading"
}

2025-08-03 15:05:48,016 - __main__ - ERROR - API error for sensor 7: 500 - {
  "error": "Failed to add reading"
}

2025-08-03 15:06:06,975 - __main__ - ERROR - API error for sensor 1: 500 - {
  "error": "Failed to add reading"
}

2025-08-03 15:06:07,586 - __main__ - ERROR - API error for sensor 2: 500 - {
  "error": "Failed to add reading"
}

2025-08-03 15:06:14,358 - __main__ - ERROR - API error for sensor 6: 500 - {
  "error": "Failed to add reading"
}

2025-08-03 15:06:14,401 - __main__ - ERROR - API error for sensor 5: 500 - {
  "error": "Failed to add reading"
}

2025-08-03 15:06:39,033 - __main__ - ERROR - API error for sensor 1: 500 - {
  "error": "Failed to add reading"
}

2025-08-03 15:06:39,648 - __main__ - ERROR - API error for sensor 2: 500 - {
  "error": "Failed to add reading"
}

2025-08-03 15:06:45,981 - __main__ - ERROR - API error for sensor 3: 500 - {
  "error": "Failed to add reading"
}

2025-08-03 15:06:46,426 - __main__ - ERROR - API error for sensor 6: 500 - {
  "error": "Failed to add reading"
}

2025-08-03 15:06:46,455 - __main__ - ERROR - API error for sensor 5: 500 - {
  "error": "Failed to add reading"
}

2025-08-03 15:06:46,835 - __main__ - ERROR - API error for sensor 4: 500 - {
  "error": "Failed to add reading"
}

2025-08-03 15:06:50,074 - __main__ - ERROR - API error for sensor 7: 500 - {
  "error": "Failed to add reading"
}

2025-08-03 15:07:11,097 - __main__ - ERROR - API error for sensor 1: 500 - {
  "error": "Failed to add reading"
}

2025-08-03 15:07:11,694 - __main__ - ERROR - API error for sensor 2: 500 - {
  "error": "Failed to add reading"
}

2025-08-03 15:07:18,465 - __main__ - ERROR - API error for sensor 6: 500 - {
  "error": "Failed to add reading"
}

2025-08-03 15:07:18,504 - __main__ - ERROR - API error for sensor 5: 500 - {
  "error": "Failed to add reading"
}

2025-08-03 15:07:43,164 - __main__ - ERROR - API error for sensor 1: 500 - {
  "error": "Failed to add reading"
}

2025-08-03 15:07:43,768 - __main__ - ERROR - API error for sensor 2: 500 - {
  "error": "Failed to add reading"
}

2025-08-03 15:07:48,058 - __main__ - ERROR - API error for sensor 3: 500 - {
  "error": "Failed to add reading"
}

2025-08-03 15:07:48,960 - __main__ - ERROR - API error for sensor 4: 500 - {
  "error": "Failed to add reading"
}

2025-08-03 15:07:50,531 - __main__ - ERROR - API error for sensor 6: 500 - {
  "error": "Failed to add reading"
}

2025-08-03 15:07:50,589 - __main__ - ERROR - API error for sensor 5: 500 - {
  "error": "Failed to add reading"
}

2025-08-03 15:07:52,144 - __main__ - ERROR - API error for sensor 7: 500 - {
  "error": "Failed to add reading"
}

2025-08-03 15:08:15,241 - __main__ - ERROR - API error for sensor 1: 500 - {
  "error": "Failed to add reading"
}

2025-08-03 15:08:15,853 - __main__ - ERROR - API error for sensor 2: 500 - {
  "error": "Failed to add reading"
}

2025-08-03 15:08:22,598 - __main__ - ERROR - API error for sensor 6: 500 - {
  "error": "Failed to add reading"
}

2025-08-03 15:08:22,659 - __main__ - ERROR - API error for sensor 5: 500 - {
  "error": "Failed to add reading"
}

2025-08-03 15:08:35,172 - __main__ - ERROR - API error for sensor 8: 500 - {
  "error": "Failed to add reading"
}

2025-08-03 15:08:47,301 - __main__ - ERROR - API error for sensor 1: 500 - {
  "error": "Failed to add reading"
}

2025-08-03 15:08:47,905 - __main__ - ERROR - API error for sensor 2: 500 - {
  "error": "Failed to add reading"
}

2025-08-03 15:08:50,115 - __main__ - ERROR - API error for sensor 3: 500 - {
  "error": "Failed to add reading"
}

2025-08-03 15:08:51,035 - __main__ - ERROR - API error for sensor 4: 500 - {
  "error": "Failed to add reading"
}

2025-08-03 15:08:54,190 - __main__ - ERROR - API error for sensor 7: 500 - {
  "error": "Failed to add reading"
}

2025-08-03 15:08:54,667 - __main__ - ERROR - API error for sensor 6: 500 - {
  "error": "Failed to add reading"
}

2025-08-03 15:08:54,715 - __main__ - ERROR - API error for sensor 5: 500 - {
  "error": "Failed to add reading"
}

2025-08-03 15:09:19,362 - __main__ - ERROR - API error for sensor 1: 500 - {
  "error": "Failed to add reading"
}

2025-08-03 15:09:19,948 - __main__ - ERROR - API error for sensor 2: 500 - {
  "error": "Failed to add reading"
}

2025-08-03 15:09:26,699 - __main__ - ERROR - API error for sensor 6: 500 - {
  "error": "Failed to add reading"
}

2025-08-03 15:09:26,745 - __main__ - ERROR - API error for sensor 5: 500 - {
  "error": "Failed to add reading"
}

2025-08-03 15:09:51,439 - __main__ - ERROR - API error for sensor 1: 500 - {
  "error": "Failed to add reading"
}

2025-08-03 15:09:52,010 - __main__ - ERROR - API error for sensor 2: 500 - {
  "error": "Failed to add reading"
}

2025-08-03 15:09:52,193 - __main__ - ERROR - API error for sensor 3: 500 - {
  "error": "Failed to add reading"
}

2025-08-03 15:09:53,105 - __main__ - ERROR - API error for sensor 4: 500 - {
  "error": "Failed to add reading"
}

2025-08-03 15:09:56,273 - __main__ - ERROR - API error for sensor 7: 500 - {
  "error": "Failed to add reading"
}

2025-08-03 15:09:58,749 - __main__ - ERROR - API error for sensor 6: 500 - {
  "error": "Failed to add reading"
}

2025-08-03 15:09:58,820 - __main__ - ERROR - API error for sensor 5: 500 - {
  "error": "Failed to add reading"
}

2025-08-03 15:10:23,513 - __main__ - ERROR - API error for sensor 1: 500 - {
  "error": "Failed to add reading"
}

2025-08-03 15:10:24,070 - __main__ - ERROR - API error for sensor 2: 500 - {
  "error": "Failed to add reading"
}

2025-08-03 15:10:30,837 - __main__ - ERROR - API error for sensor 6: 500 - {
  "error": "Failed to add reading"
}

2025-08-03 15:10:30,898 - __main__ - ERROR - API error for sensor 5: 500 - {
  "error": "Failed to add reading"
}

2025-08-03 15:10:54,244 - __main__ - ERROR - API error for sensor 3: 500 - {
  "error": "Failed to add reading"
}

2025-08-03 15:10:55,145 - __main__ - ERROR - API error for sensor 4: 500 - {
  "error": "Failed to add reading"
}

2025-08-03 15:10:55,576 - __main__ - ERROR - API error for sensor 1: 500 - {
  "error": "Failed to add reading"
}

2025-08-03 15:10:56,112 - __main__ - ERROR - API error for sensor 2: 500 - {
  "error": "Failed to add reading"
}

2025-08-03 15:10:58,337 - __main__ - ERROR - API error for sensor 7: 500 - {
  "error": "Failed to add reading"
}

2025-08-03 15:11:02,911 - __main__ - ERROR - API error for sensor 6: 500 - {
  "error": "Failed to add reading"
}

2025-08-03 15:11:02,946 - __main__ - ERROR - API error for sensor 5: 500 - {
  "error": "Failed to add reading"
}

2025-08-03 15:11:27,627 - __main__ - ERROR - API error for sensor 1: 500 - {
  "error": "Failed to add reading"
}

2025-08-03 15:11:28,165 - __main__ - ERROR - API error for sensor 2: 500 - {
  "error": "Failed to add reading"
}

2025-08-03 15:11:34,962 - __main__ - ERROR - API error for sensor 6: 500 - {
  "error": "Failed to add reading"
}

2025-08-03 15:11:34,992 - __main__ - ERROR - API error for sensor 5: 500 - {
  "error": "Failed to add reading"
}

2025-08-03 15:11:56,292 - __main__ - ERROR - API error for sensor 3: 500 - {
  "error": "Failed to add reading"
}

2025-08-03 15:11:57,187 - __main__ - ERROR - API error for sensor 4: 500 - {
  "error": "Failed to add reading"
}

2025-08-03 15:11:59,685 - __main__ - ERROR - API error for sensor 1: 500 - {
  "error": "Failed to add reading"
}

2025-08-03 15:12:00,216 - __main__ - ERROR - API error for sensor 2: 500 - {
  "error": "Failed to add reading"
}

2025-08-03 15:12:00,432 - __main__ - ERROR - API error for sensor 7: 500 - {
  "error": "Failed to add reading"
}

2025-08-03 15:12:07,004 - __main__ - ERROR - API error for sensor 6: 500 - {
  "error": "Failed to add reading"
}

2025-08-03 15:12:07,073 - __main__ - ERROR - API error for sensor 5: 500 - {
  "error": "Failed to add reading"
}

2025-08-03 15:12:31,747 - __main__ - ERROR - API error for sensor 1: 500 - {
  "error": "Failed to add reading"
}

2025-08-03 15:12:32,289 - __main__ - ERROR - API error for sensor 2: 500 - {
  "error": "Failed to add reading"
}

2025-08-03 15:12:39,076 - __main__ - ERROR - API error for sensor 6: 500 - {
  "error": "Failed to add reading"
}

2025-08-03 15:12:39,149 - __main__ - ERROR - API error for sensor 5: 500 - {
  "error": "Failed to add reading"
}

2025-08-03 15:12:58,357 - __main__ - ERROR - API error for sensor 3: 500 - {
  "error": "Failed to add reading"
}

2025-08-03 15:12:59,301 - __main__ - ERROR - API error for sensor 4: 500 - {
  "error": "Failed to add reading"
}

2025-08-03 15:13:02,487 - __main__ - ERROR - API error for sensor 7: 500 - {
  "error": "Failed to add reading"
}

2025-08-03 15:13:03,797 - __main__ - ERROR - API error for sensor 1: 500 - {
  "error": "Failed to add reading"
}

2025-08-03 15:13:04,345 - __main__ - ERROR - API error for sensor 2: 500 - {
  "error": "Failed to add reading"
}

2025-08-03 15:13:11,158 - __main__ - ERROR - API error for sensor 6: 500 - {
  "error": "Failed to add reading"
}

2025-08-03 15:13:11,217 - __main__ - ERROR - API error for sensor 5: 500 - {
  "error": "Failed to add reading"
}

2025-08-03 15:13:35,895 - __main__ - ERROR - API error for sensor 1: 500 - {
  "error": "Failed to add reading"
}

2025-08-03 15:13:36,420 - __main__ - ERROR - API error for sensor 2: 500 - {
  "error": "Failed to add reading"
}

2025-08-03 15:13:37,250 - __main__ - ERROR - API error for sensor 8: 500 - {
  "error": "Failed to add reading"
}

2025-08-03 15:13:43,247 - __main__ - ERROR - API error for sensor 6: 500 - {
  "error": "Failed to add reading"
}

2025-08-03 15:13:43,300 - __main__ - ERROR - API error for sensor 5: 500 - {
  "error": "Failed to add reading"
}

2025-08-03 15:14:00,431 - __main__ - ERROR - API error for sensor 3: 500 - {
  "error": "Failed to add reading"
}

2025-08-03 15:14:01,399 - __main__ - ERROR - API error for sensor 4: 500 - {
  "error": "Failed to add reading"
}

2025-08-03 15:14:02,493 - __main__ - INFO - Sensor 7: Simulated irrigation event
2025-08-03 15:14:04,584 - __main__ - ERROR - API error for sensor 7: 500 - {
  "error": "Failed to add reading"
}

2025-08-03 15:14:07,973 - __main__ - ERROR - API error for sensor 1: 500 - {
  "error": "Failed to add reading"
}

2025-08-03 15:14:08,500 - __main__ - ERROR - API error for sensor 2: 500 - {
  "error": "Failed to add reading"
}

2025-08-03 15:14:15,360 - __main__ - ERROR - API error for sensor 6: 500 - {
  "error": "Failed to add reading"
}

2025-08-03 15:14:15,406 - __main__ - ERROR - API error for sensor 5: 500 - {
  "error": "Failed to add reading"
}

2025-08-03 15:14:40,050 - __main__ - ERROR - API error for sensor 1: 500 - {
  "error": "Failed to add reading"
}

2025-08-03 15:14:40,569 - __main__ - ERROR - API error for sensor 2: 500 - {
  "error": "Failed to add reading"
}

2025-08-03 15:14:47,461 - __main__ - ERROR - API error for sensor 6: 500 - {
  "error": "Failed to add reading"
}

2025-08-03 15:14:47,484 - __main__ - ERROR - API error for sensor 5: 500 - {
  "error": "Failed to add reading"
}

2025-08-03 15:15:02,501 - __main__ - ERROR - API error for sensor 3: 500 - {
  "error": "Failed to add reading"
}

2025-08-03 15:15:03,530 - __main__ - ERROR - API error for sensor 4: 500 - {
  "error": "Failed to add reading"
}

2025-08-03 15:15:06,675 - __main__ - ERROR - API error for sensor 7: 500 - {
  "error": "Failed to add reading"
}

2025-08-03 15:15:12,140 - __main__ - ERROR - API error for sensor 1: 500 - {
  "error": "Failed to add reading"
}

2025-08-03 15:15:12,650 - __main__ - ERROR - API error for sensor 2: 500 - {
  "error": "Failed to add reading"
}

2025-08-03 15:15:19,546 - __main__ - ERROR - API error for sensor 6: 500 - {
  "error": "Failed to add reading"
}

2025-08-03 15:15:19,580 - __main__ - ERROR - API error for sensor 5: 500 - {
  "error": "Failed to add reading"
}

2025-08-03 15:15:44,233 - __main__ - ERROR - API error for sensor 1: 500 - {
  "error": "Failed to add reading"
}

2025-08-03 15:15:44,732 - __main__ - ERROR - API error for sensor 2: 500 - {
  "error": "Failed to add reading"
}

2025-08-03 15:15:51,634 - __main__ - ERROR - API error for sensor 6: 500 - {
  "error": "Failed to add reading"
}

2025-08-03 15:15:51,671 - __main__ - ERROR - API error for sensor 5: 500 - {
  "error": "Failed to add reading"
}

2025-08-03 15:16:04,601 - __main__ - ERROR - API error for sensor 3: 500 - {
  "error": "Failed to add reading"
}

2025-08-03 15:16:05,616 - __main__ - ERROR - API error for sensor 4: 500 - {
  "error": "Failed to add reading"
}

2025-08-03 15:16:08,762 - __main__ - ERROR - API error for sensor 7: 500 - {
  "error": "Failed to add reading"
}

2025-08-03 15:16:16,301 - __main__ - ERROR - API error for sensor 1: 500 - {
  "error": "Failed to add reading"
}

2025-08-03 15:16:16,825 - __main__ - ERROR - API error for sensor 2: 500 - {
  "error": "Failed to add reading"
}

2025-08-03 15:16:23,708 - __main__ - ERROR - API error for sensor 6: 500 - {
  "error": "Failed to add reading"
}

2025-08-03 15:16:23,762 - __main__ - ERROR - API error for sensor 5: 500 - {
  "error": "Failed to add reading"
}

2025-08-03 15:16:48,382 - __main__ - ERROR - API error for sensor 1: 500 - {
  "error": "Failed to add reading"
}

2025-08-03 15:16:48,901 - __main__ - ERROR - API error for sensor 2: 500 - {
  "error": "Failed to add reading"
}

2025-08-03 15:16:55,835 - __main__ - ERROR - API error for sensor 6: 500 - {
  "error": "Failed to add reading"
}

2025-08-03 15:16:55,879 - __main__ - ERROR - API error for sensor 5: 500 - {
  "error": "Failed to add reading"
}

2025-08-03 15:17:06,701 - __main__ - ERROR - API error for sensor 3: 500 - {
  "error": "Failed to add reading"
}

2025-08-03 15:17:07,746 - __main__ - ERROR - API error for sensor 4: 500 - {
  "error": "Failed to add reading"
}

2025-08-03 15:17:10,834 - __main__ - ERROR - API error for sensor 7: 500 - {
  "error": "Failed to add reading"
}

2025-08-03 15:17:20,463 - __main__ - ERROR - API error for sensor 1: 500 - {
  "error": "Failed to add reading"
}

2025-08-03 15:17:20,969 - __main__ - ERROR - API error for sensor 2: 500 - {
  "error": "Failed to add reading"
}

2025-08-03 15:17:27,922 - __main__ - ERROR - API error for sensor 6: 500 - {
  "error": "Failed to add reading"
}

2025-08-03 15:17:27,971 - __main__ - ERROR - API error for sensor 5: 500 - {
  "error": "Failed to add reading"
}

2025-08-03 15:17:52,523 - __main__ - ERROR - API error for sensor 1: 500 - {
  "error": "Failed to add reading"
}

2025-08-03 15:17:53,009 - __main__ - ERROR - API error for sensor 2: 500 - {
  "error": "Failed to add reading"
}

2025-08-03 15:17:59,996 - __main__ - ERROR - API error for sensor 6: 500 - {
  "error": "Failed to add reading"
}

2025-08-03 15:18:00,040 - __main__ - ERROR - API error for sensor 5: 500 - {
  "error": "Failed to add reading"
}

2025-08-03 15:18:08,815 - __main__ - ERROR - API error for sensor 3: 500 - {
  "error": "Failed to add reading"
}

2025-08-03 15:18:09,800 - __main__ - ERROR - API error for sensor 4: 500 - {
  "error": "Failed to add reading"
}

2025-08-03 15:18:12,942 - __main__ - ERROR - API error for sensor 7: 500 - {
  "error": "Failed to add reading"
}

2025-08-03 15:18:24,595 - __main__ - ERROR - API error for sensor 1: 500 - {
  "error": "Failed to add reading"
}

2025-08-03 15:18:25,061 - __main__ - ERROR - API error for sensor 2: 500 - {
  "error": "Failed to add reading"
}

2025-08-03 15:18:32,082 - __main__ - ERROR - API error for sensor 6: 500 - {
  "error": "Failed to add reading"
}

2025-08-03 15:18:32,114 - __main__ - ERROR - API error for sensor 5: 500 - {
  "error": "Failed to add reading"
}

2025-08-03 15:18:39,415 - __main__ - ERROR - API error for sensor 8: 500 - {
  "error": "Failed to add reading"
}

2025-08-03 15:18:56,715 - __main__ - ERROR - API error for sensor 1: 500 - {
  "error": "Failed to add reading"
}

2025-08-03 15:18:57,133 - __main__ - ERROR - API error for sensor 2: 500 - {
  "error": "Failed to add reading"
}

2025-08-03 15:19:04,164 - __main__ - ERROR - API error for sensor 6: 500 - {
  "error": "Failed to add reading"
}

2025-08-03 15:19:04,223 - __main__ - ERROR - API error for sensor 5: 500 - {
  "error": "Failed to add reading"
}

2025-08-03 15:19:10,909 - __main__ - ERROR - API error for sensor 3: 500 - {
  "error": "Failed to add reading"
}

2025-08-03 15:19:11,881 - __main__ - ERROR - API error for sensor 4: 500 - {
  "error": "Failed to add reading"
}

2025-08-03 15:19:15,025 - __main__ - ERROR - API error for sensor 7: 500 - {
  "error": "Failed to add reading"
}

2025-08-03 15:19:28,813 - __main__ - ERROR - API error for sensor 1: 500 - {
  "error": "Failed to add reading"
}

2025-08-03 15:19:29,195 - __main__ - ERROR - API error for sensor 2: 500 - {
  "error": "Failed to add reading"
}

2025-08-03 15:19:36,240 - __main__ - ERROR - API error for sensor 6: 500 - {
  "error": "Failed to add reading"
}

2025-08-03 15:19:36,312 - __main__ - ERROR - API error for sensor 5: 500 - {
  "error": "Failed to add reading"
}

2025-08-03 15:20:00,886 - __main__ - ERROR - API error for sensor 1: 500 - {
  "error": "Failed to add reading"
}

2025-08-03 15:20:01,270 - __main__ - ERROR - API error for sensor 2: 500 - {
  "error": "Failed to add reading"
}

2025-08-03 15:20:08,318 - __main__ - ERROR - API error for sensor 6: 500 - {
  "error": "Failed to add reading"
}

2025-08-03 15:20:08,376 - __main__ - ERROR - API error for sensor 5: 500 - {
  "error": "Failed to add reading"
}

2025-08-03 15:20:12,980 - __main__ - ERROR - API error for sensor 3: 500 - {
  "error": "Failed to add reading"
}

2025-08-03 15:20:13,962 - __main__ - ERROR - API error for sensor 4: 500 - {
  "error": "Failed to add reading"
}

2025-08-03 15:20:17,117 - __main__ - ERROR - API error for sensor 7: 500 - {
  "error": "Failed to add reading"
}

2025-08-03 15:20:32,977 - __main__ - ERROR - API error for sensor 1: 500 - {
  "error": "Failed to add reading"
}

2025-08-03 15:20:33,374 - __main__ - ERROR - API error for sensor 2: 500 - {
  "error": "Failed to add reading"
}

2025-08-03 15:20:40,374 - __main__ - ERROR - API error for sensor 6: 500 - {
  "error": "Failed to add reading"
}

2025-08-03 15:20:40,447 - __main__ - ERROR - API error for sensor 5: 500 - {
  "error": "Failed to add reading"
}

2025-08-03 15:21:05,050 - __main__ - ERROR - API error for sensor 1: 500 - {
  "error": "Failed to add reading"
}

2025-08-03 15:21:05,457 - __main__ - ERROR - API error for sensor 2: 500 - {
  "error": "Failed to add reading"
}

2025-08-03 15:21:12,482 - __main__ - ERROR - API error for sensor 6: 500 - {
  "error": "Failed to add reading"
}

2025-08-03 15:21:12,509 - __main__ - ERROR - API error for sensor 5: 500 - {
  "error": "Failed to add reading"
}

2025-08-03 15:21:15,050 - __main__ - ERROR - API error for sensor 3: 500 - {
  "error": "Failed to add reading"
}

2025-08-03 15:21:16,012 - __main__ - ERROR - API error for sensor 4: 500 - {
  "error": "Failed to add reading"
}

2025-08-03 15:21:19,199 - __main__ - ERROR - API error for sensor 7: 500 - {
  "error": "Failed to add reading"
}

2025-08-03 15:21:37,724 - __main__ - ERROR - API error for sensor 2: 500 - {
  "error": "Failed to add reading"
}

2025-08-03 15:21:37,738 - __main__ - ERROR - API error for sensor 1: 500 - {
  "error": "Failed to add reading"
}

2025-08-03 15:21:44,554 - __main__ - ERROR - API error for sensor 6: 500 - {
  "error": "Failed to add reading"
}

2025-08-03 15:21:44,596 - __main__ - ERROR - API error for sensor 5: 500 - {
  "error": "Failed to add reading"
}

2025-08-03 15:21:51,814 - __main__ - INFO - Received interrupt signal, stopping simulation
2025-08-03 15:21:51,820 - __main__ - INFO - Stopping all sensor simulations
2025-08-03 15:22:16,894 - __main__ - INFO - API connection successful: http://localhost:5000
2025-08-03 15:22:16,898 - __main__ - INFO - Added sensor 1 (temperature) at Greenhouse Zone A
2025-08-03 15:22:16,903 - __main__ - INFO - Added sensor 2 (humidity) at Greenhouse Zone A
2025-08-03 15:22:16,909 - __main__ - INFO - Added sensor 3 (moisture) at Field Section 1
2025-08-03 15:22:16,915 - __main__ - INFO - Added sensor 4 (light) at Greenhouse Zone A
2025-08-03 15:22:16,919 - __main__ - INFO - Added sensor 5 (temperature) at Greenhouse Zone B
2025-08-03 15:22:16,922 - __main__ - INFO - Added sensor 6 (humidity) at Greenhouse Zone B
2025-08-03 15:22:16,927 - __main__ - INFO - Added sensor 7 (moisture) at Field Section 2
2025-08-03 15:22:16,929 - __main__ - INFO - Added sensor 8 (ph) at Soil Sample Area
2025-08-03 15:22:16,930 - __main__ - INFO - Starting simulation for 8 sensors
2025-08-03 15:22:16,935 - __main__ - INFO - Starting simulation for sensor 1 (temperature) at Greenhouse Zone A
2025-08-03 15:22:17,937 - __main__ - INFO - Starting simulation for sensor 2 (humidity) at Greenhouse Zone A
2025-08-03 15:22:18,939 - __main__ - INFO - Starting simulation for sensor 3 (moisture) at Field Section 1
2025-08-03 15:22:19,014 - __main__ - ERROR - API error for sensor 1: 500 - {
  "error": "Failed to add reading"
}

2025-08-03 15:22:19,941 - __main__ - INFO - Starting simulation for sensor 4 (light) at Greenhouse Zone A
2025-08-03 15:22:20,003 - __main__ - ERROR - API error for sensor 2: 500 - {
  "error": "Failed to add reading"
}

2025-08-03 15:22:20,942 - __main__ - INFO - Starting simulation for sensor 5 (temperature) at Greenhouse Zone B
2025-08-03 15:22:21,011 - __main__ - ERROR - API error for sensor 3: 500 - {
  "error": "Failed to add reading"
}

2025-08-03 15:22:21,944 - __main__ - INFO - Starting simulation for sensor 6 (humidity) at Greenhouse Zone B
2025-08-03 15:22:22,014 - __main__ - ERROR - API error for sensor 4: 500 - {
  "error": "Failed to add reading"
}

2025-08-03 15:22:22,946 - __main__ - INFO - Starting simulation for sensor 7 (moisture) at Field Section 2
2025-08-03 15:22:23,006 - __main__ - ERROR - API error for sensor 5: 500 - {
  "error": "Failed to add reading"
}

2025-08-03 15:22:23,948 - __main__ - INFO - Starting simulation for sensor 8 (ph) at Soil Sample Area
2025-08-03 15:22:24,012 - __main__ - ERROR - API error for sensor 6: 500 - {
  "error": "Failed to add reading"
}

2025-08-03 15:22:24,948 - __main__ - INFO - All sensors started successfully
2025-08-03 15:22:24,950 - __main__ - INFO - Simulation running... (Duration: indefinite)
2025-08-03 15:22:24,951 - __main__ - INFO - Press Ctrl+C to stop
2025-08-03 15:22:25,005 - __main__ - ERROR - API error for sensor 7: 500 - {
  "error": "Failed to add reading"
}

2025-08-03 15:22:26,023 - __main__ - ERROR - API error for sensor 8: 500 - {
  "error": "Failed to add reading"
}

2025-08-03 15:22:51,087 - __main__ - ERROR - API error for sensor 1: 500 - {
  "error": "Failed to add reading"
}

2025-08-03 15:22:52,052 - __main__ - ERROR - API error for sensor 2: 500 - {
  "error": "Failed to add reading"
}

2025-08-03 15:22:55,080 - __main__ - ERROR - API error for sensor 5: 500 - {
  "error": "Failed to add reading"
}

2025-08-03 15:22:56,082 - __main__ - ERROR - API error for sensor 6: 500 - {
  "error": "Failed to add reading"
}

2025-08-03 15:23:23,116 - __main__ - ERROR - API error for sensor 3: 500 - {
  "error": "Failed to add reading"
}

2025-08-03 15:23:23,158 - __main__ - ERROR - API error for sensor 1: 500 - {
  "error": "Failed to add reading"
}

2025-08-03 15:23:24,079 - __main__ - ERROR - API error for sensor 4: 500 - {
  "error": "Failed to add reading"
}

2025-08-03 15:23:24,159 - __main__ - ERROR - API error for sensor 2: 500 - {
  "error": "Failed to add reading"
}

2025-08-03 15:23:27,060 - __main__ - ERROR - API error for sensor 7: 500 - {
  "error": "Failed to add reading"
}

2025-08-03 15:23:27,164 - __main__ - ERROR - API error for sensor 5: 500 - {
  "error": "Failed to add reading"
}

2025-08-03 15:23:28,208 - __main__ - ERROR - API error for sensor 6: 500 - {
  "error": "Failed to add reading"
}

2025-08-03 15:23:55,217 - __main__ - ERROR - API error for sensor 1: 500 - {
  "error": "Failed to add reading"
}

2025-08-03 15:23:56,226 - __main__ - ERROR - API error for sensor 2: 500 - {
  "error": "Failed to add reading"
}

2025-08-03 15:23:59,244 - __main__ - ERROR - API error for sensor 5: 500 - {
  "error": "Failed to add reading"
}

2025-08-03 15:24:00,274 - __main__ - ERROR - API error for sensor 6: 500 - {
  "error": "Failed to add reading"
}

2025-08-03 16:31:28,437 - __main__ - INFO - API connection successful: http://localhost:5000
2025-08-03 16:31:28,464 - __main__ - INFO - Added sensor 1 (temperature) at Greenhouse Zone A
2025-08-03 16:31:28,466 - __main__ - INFO - Added sensor 2 (humidity) at Greenhouse Zone A
2025-08-03 16:31:28,469 - __main__ - INFO - Added sensor 3 (moisture) at Field Section 1
2025-08-03 16:31:28,472 - __main__ - INFO - Added sensor 4 (light) at Greenhouse Zone A
2025-08-03 16:31:28,474 - __main__ - INFO - Added sensor 5 (temperature) at Greenhouse Zone B
2025-08-03 16:31:28,492 - __main__ - INFO - Added sensor 6 (humidity) at Greenhouse Zone B
2025-08-03 16:31:28,500 - __main__ - INFO - Added sensor 7 (moisture) at Field Section 2
2025-08-03 16:31:28,507 - __main__ - INFO - Added sensor 8 (ph) at Soil Sample Area
2025-08-03 16:31:28,512 - __main__ - INFO - Starting simulation for 8 sensors
2025-08-03 16:31:28,549 - __main__ - INFO - Starting simulation for sensor 1 (temperature) at Greenhouse Zone A
2025-08-03 16:31:29,577 - __main__ - INFO - Starting simulation for sensor 2 (humidity) at Greenhouse Zone A
2025-08-03 16:31:30,580 - __main__ - INFO - Starting simulation for sensor 3 (moisture) at Field Section 1
2025-08-03 16:31:31,132 - __main__ - ERROR - API error for sensor 1: 500 - {
  "error": "Failed to add reading"
}

2025-08-03 16:31:31,584 - __main__ - INFO - Starting simulation for sensor 4 (light) at Greenhouse Zone A
2025-08-03 16:31:32,610 - __main__ - ERROR - API error for sensor 2: 500 - {
  "error": "Failed to add reading"
}

2025-08-03 16:31:32,899 - __main__ - INFO - Starting simulation for sensor 5 (temperature) at Greenhouse Zone B
2025-08-03 16:31:32,970 - __main__ - ERROR - API error for sensor 3: 500 - {
  "error": "Failed to add reading"
}

2025-08-03 16:31:33,970 - __main__ - ERROR - API error for sensor 4: 500 - {
  "error": "Failed to add reading"
}

2025-08-03 16:31:34,045 - __main__ - INFO - Starting simulation for sensor 6 (humidity) at Greenhouse Zone B
2025-08-03 16:31:35,048 - __main__ - INFO - Starting simulation for sensor 7 (moisture) at Field Section 2
2025-08-03 16:31:35,545 - __main__ - ERROR - API error for sensor 5: 500 - {
  "error": "Failed to add reading"
}

2025-08-03 16:31:36,052 - __main__ - INFO - Starting simulation for sensor 8 (ph) at Soil Sample Area
2025-08-03 16:31:36,585 - __main__ - ERROR - API error for sensor 6: 500 - {
  "error": "Failed to add reading"
}

2025-08-03 16:31:37,053 - __main__ - INFO - All sensors started successfully
2025-08-03 16:31:37,057 - __main__ - INFO - Simulation running... (Duration: indefinite)
2025-08-03 16:31:37,060 - __main__ - INFO - Press Ctrl+C to stop
2025-08-03 16:31:37,484 - __main__ - ERROR - API error for sensor 7: 500 - {
  "error": "Failed to add reading"
}

2025-08-03 16:31:38,663 - __main__ - ERROR - API error for sensor 8: 500 - {
  "error": "Failed to add reading"
}

2025-08-03 16:32:03,837 - __main__ - ERROR - API error for sensor 1: 500 - {
  "error": "Failed to add reading"
}

2025-08-03 16:32:05,926 - __main__ - ERROR - API error for sensor 2: 500 - {
  "error": "Failed to add reading"
}

2025-08-03 16:32:08,448 - __main__ - ERROR - API error for sensor 5: 500 - {
  "error": "Failed to add reading"
}

2025-08-03 16:32:09,189 - __main__ - ERROR - API error for sensor 6: 500 - {
  "error": "Failed to add reading"
}

2025-08-03 16:32:36,101 - __main__ - ERROR - API error for sensor 3: 500 - {
  "error": "Failed to add reading"
}

2025-08-03 16:32:36,251 - __main__ - ERROR - API error for sensor 1: 500 - {
  "error": "Failed to add reading"
}

2025-08-03 16:32:36,990 - __main__ - ERROR - API error for sensor 4: 500 - {
  "error": "Failed to add reading"
}

2025-08-03 16:32:39,055 - __main__ - ERROR - API error for sensor 2: 500 - {
  "error": "Failed to add reading"
}

2025-08-03 16:32:40,319 - __main__ - ERROR - API error for sensor 7: 500 - {
  "error": "Failed to add reading"
}

2025-08-03 16:32:41,095 - __main__ - ERROR - API error for sensor 5: 500 - {
  "error": "Failed to add reading"
}

2025-08-03 16:32:42,266 - __main__ - ERROR - API error for sensor 6: 500 - {
  "error": "Failed to add reading"
}

2025-08-03 16:33:09,147 - __main__ - ERROR - API error for sensor 1: 500 - {
  "error": "Failed to add reading"
}

2025-08-03 16:33:11,737 - __main__ - ERROR - API error for sensor 2: 500 - {
  "error": "Failed to add reading"
}

2025-08-03 16:33:14,297 - __main__ - ERROR - API error for sensor 5: 500 - {
  "error": "Failed to add reading"
}

2025-08-03 16:33:14,982 - __main__ - ERROR - API error for sensor 6: 500 - {
  "error": "Failed to add reading"
}

2025-08-03 16:33:39,201 - __main__ - ERROR - API error for sensor 3: 500 - {
  "error": "Failed to add reading"
}

2025-08-03 16:33:39,822 - __main__ - ERROR - API error for sensor 4: 500 - {
  "error": "Failed to add reading"
}

2025-08-03 16:33:41,653 - __main__ - ERROR - API error for sensor 1: 500 - {
  "error": "Failed to add reading"
}

2025-08-03 16:33:42,889 - __main__ - ERROR - API error for sensor 7: 500 - {
  "error": "Failed to add reading"
}

2025-08-03 16:33:45,808 - __main__ - ERROR - API error for sensor 2: 500 - {
  "error": "Failed to add reading"
}

2025-08-03 16:33:48,159 - __main__ - ERROR - API error for sensor 5: 500 - {
  "error": "Failed to add reading"
}

2025-08-03 16:33:48,570 - __main__ - ERROR - API error for sensor 6: 500 - {
  "error": "Failed to add reading"
}

2025-08-03 16:34:14,669 - __main__ - ERROR - API error for sensor 1: 500 - {
  "error": "Failed to add reading"
}

2025-08-03 16:34:18,786 - __main__ - ERROR - API error for sensor 2: 500 - {
  "error": "Failed to add reading"
}

2025-08-03 16:34:21,000 - __main__ - ERROR - API error for sensor 6: 500 - {
  "error": "Failed to add reading"
}

2025-08-03 16:34:21,360 - __main__ - ERROR - API error for sensor 5: 500 - {
  "error": "Failed to add reading"
}

2025-08-03 16:34:42,094 - __main__ - ERROR - API error for sensor 3: 500 - {
  "error": "Failed to add reading"
}

2025-08-03 16:34:43,197 - __main__ - ERROR - API error for sensor 4: 500 - {
  "error": "Failed to add reading"
}

2025-08-03 16:34:45,647 - __main__ - ERROR - API error for sensor 7: 500 - {
  "error": "Failed to add reading"
}

2025-08-03 16:34:48,196 - __main__ - ERROR - API error for sensor 1: 500 - {
  "error": "Failed to add reading"
}

2025-08-03 16:34:52,022 - __main__ - ERROR - API error for sensor 2: 500 - {
  "error": "Failed to add reading"
}

2025-08-03 16:34:54,127 - __main__ - ERROR - API error for sensor 6: 500 - {
  "error": "Failed to add reading"
}

2025-08-03 16:34:55,088 - __main__ - ERROR - API error for sensor 5: 500 - {
  "error": "Failed to add reading"
}

2025-08-03 16:35:21,255 - __main__ - ERROR - API error for sensor 1: 500 - {
  "error": "Failed to add reading"
}

2025-08-03 16:35:26,095 - __main__ - ERROR - API error for sensor 2: 500 - {
  "error": "Failed to add reading"
}

2025-08-03 16:35:28,955 - __main__ - ERROR - API error for sensor 6: 500 - {
  "error": "Failed to add reading"
}

2025-08-03 16:35:30,440 - __main__ - ERROR - API error for sensor 5: 500 - {
  "error": "Failed to add reading"
}

2025-08-03 16:35:45,410 - __main__ - ERROR - API error for sensor 3: 500 - {
  "error": "Failed to add reading"
}

2025-08-03 16:35:46,585 - __main__ - ERROR - API error for sensor 4: 500 - {
  "error": "Failed to add reading"
}

2025-08-03 16:35:50,781 - __main__ - ERROR - API error for sensor 7: 500 - {
  "error": "Failed to add reading"
}

2025-08-03 16:35:54,961 - __main__ - ERROR - API error for sensor 1: 500 - {
  "error": "Failed to add reading"
}

2025-08-03 16:36:00,430 - __main__ - ERROR - API error for sensor 2: 500 - {
  "error": "Failed to add reading"
}

2025-08-03 16:36:02,498 - __main__ - ERROR - API error for sensor 6: 500 - {
  "error": "Failed to add reading"
}

2025-08-03 16:36:04,227 - __main__ - ERROR - API error for sensor 5: 500 - {
  "error": "Failed to add reading"
}

2025-08-03 16:36:27,467 - __main__ - ERROR - API error for sensor 1: 500 - {
  "error": "Failed to add reading"
}

2025-08-03 16:36:33,572 - __main__ - ERROR - API error for sensor 2: 500 - {
  "error": "Failed to add reading"
}

2025-08-03 16:36:36,547 - __main__ - ERROR - API error for sensor 6: 500 - {
  "error": "Failed to add reading"
}

2025-08-03 16:36:37,475 - __main__ - ERROR - API error for sensor 5: 500 - {
  "error": "Failed to add reading"
}

2025-08-03 16:36:42,088 - __main__ - ERROR - API error for sensor 8: 500 - {
  "error": "Failed to add reading"
}

2025-08-03 16:36:48,535 - __main__ - ERROR - API error for sensor 3: 500 - {
  "error": "Failed to add reading"
}

2025-08-03 16:36:50,447 - __main__ - ERROR - API error for sensor 4: 500 - {
  "error": "Failed to add reading"
}

2025-08-03 16:36:54,081 - __main__ - ERROR - API error for sensor 7: 500 - {
  "error": "Failed to add reading"
}

2025-08-03 16:37:00,086 - __main__ - ERROR - API error for sensor 1: 500 - {
  "error": "Failed to add reading"
}

2025-08-03 16:37:06,226 - __main__ - ERROR - API error for sensor 2: 500 - {
  "error": "Failed to add reading"
}

2025-08-03 16:37:09,250 - __main__ - ERROR - API error for sensor 6: 500 - {
  "error": "Failed to add reading"
}

2025-08-03 16:37:11,094 - __main__ - ERROR - API error for sensor 5: 500 - {
  "error": "Failed to add reading"
}

2025-08-03 16:37:33,141 - __main__ - ERROR - API error for sensor 1: 500 - {
  "error": "Failed to add reading"
}

2025-08-03 16:37:38,842 - __main__ - ERROR - API error for sensor 2: 500 - {
  "error": "Failed to add reading"
}

2025-08-03 16:37:42,096 - __main__ - ERROR - API error for sensor 6: 500 - {
  "error": "Failed to add reading"
}

2025-08-03 16:37:44,407 - __main__ - ERROR - API error for sensor 5: 500 - {
  "error": "Failed to add reading"
}

2025-08-03 16:37:51,575 - __main__ - ERROR - API error for sensor 3: 500 - {
  "error": "Failed to add reading"
}

2025-08-03 16:37:53,116 - __main__ - ERROR - API error for sensor 4: 500 - {
  "error": "Failed to add reading"
}

2025-08-03 16:37:57,387 - __main__ - ERROR - API error for sensor 7: 500 - {
  "error": "Failed to add reading"
}

2025-08-03 16:38:06,788 - __main__ - ERROR - API error for sensor 1: 500 - {
  "error": "Failed to add reading"
}

2025-08-03 16:38:11,576 - __main__ - ERROR - API error for sensor 2: 500 - {
  "error": "Failed to add reading"
}

2025-08-03 16:38:15,912 - __main__ - ERROR - API error for sensor 6: 500 - {
  "error": "Failed to add reading"
}

2025-08-03 16:38:17,350 - __main__ - ERROR - API error for sensor 5: 500 - {
  "error": "Failed to add reading"
}

2025-08-03 16:38:39,278 - __main__ - ERROR - API error for sensor 1: 500 - {
  "error": "Failed to add reading"
}

2025-08-03 16:38:44,121 - __main__ - ERROR - API error for sensor 2: 500 - {
  "error": "Failed to add reading"
}

2025-08-03 16:38:48,415 - __main__ - ERROR - API error for sensor 6: 500 - {
  "error": "Failed to add reading"
}

2025-08-03 16:38:50,386 - __main__ - ERROR - API error for sensor 5: 500 - {
  "error": "Failed to add reading"
}

2025-08-03 16:38:55,404 - __main__ - ERROR - API error for sensor 3: 500 - {
  "error": "Failed to add reading"
}

2025-08-03 16:38:56,315 - __main__ - ERROR - API error for sensor 4: 500 - {
  "error": "Failed to add reading"
}

2025-08-03 16:38:59,893 - __main__ - ERROR - API error for sensor 7: 500 - {
  "error": "Failed to add reading"
}

2025-08-03 16:39:12,060 - __main__ - ERROR - API error for sensor 1: 500 - {
  "error": "Failed to add reading"
}

2025-08-03 16:39:16,892 - __main__ - ERROR - API error for sensor 2: 500 - {
  "error": "Failed to add reading"
}

2025-08-03 16:39:21,313 - __main__ - ERROR - API error for sensor 6: 500 - {
  "error": "Failed to add reading"
}

2025-08-03 16:39:23,103 - __main__ - ERROR - API error for sensor 5: 500 - {
  "error": "Failed to add reading"
}

2025-08-03 16:39:44,474 - __main__ - ERROR - API error for sensor 1: 500 - {
  "error": "Failed to add reading"
}

2025-08-03 16:39:49,293 - __main__ - ERROR - API error for sensor 2: 500 - {
  "error": "Failed to add reading"
}

2025-08-03 16:39:53,910 - __main__ - ERROR - API error for sensor 6: 500 - {
  "error": "Failed to add reading"
}

2025-08-03 16:39:57,103 - __main__ - ERROR - API error for sensor 5: 500 - {
  "error": "Failed to add reading"
}

2025-08-03 16:39:59,219 - __main__ - ERROR - API error for sensor 3: 500 - {
  "error": "Failed to add reading"
}

2025-08-03 16:40:00,571 - __main__ - ERROR - API error for sensor 4: 500 - {
  "error": "Failed to add reading"
}

2025-08-03 16:40:02,643 - __main__ - ERROR - API error for sensor 7: 500 - {
  "error": "Failed to add reading"
}

2025-08-03 16:40:17,620 - __main__ - ERROR - API error for sensor 1: 500 - {
  "error": "Failed to add reading"
}

2025-08-03 16:40:21,922 - __main__ - ERROR - API error for sensor 2: 500 - {
  "error": "Failed to add reading"
}

2025-08-03 16:40:26,916 - __main__ - ERROR - API error for sensor 6: 500 - {
  "error": "Failed to add reading"
}

2025-08-03 16:40:30,769 - __main__ - ERROR - API error for sensor 5: 500 - {
  "error": "Failed to add reading"
}

2025-08-03 16:40:50,739 - __main__ - ERROR - API error for sensor 1: 500 - {
  "error": "Failed to add reading"
}

2025-08-03 16:40:54,465 - __main__ - ERROR - API error for sensor 2: 500 - {
  "error": "Failed to add reading"
}

2025-08-03 16:40:59,869 - __main__ - ERROR - API error for sensor 6: 500 - {
  "error": "Failed to add reading"
}

2025-08-03 16:41:01,696 - __main__ - ERROR - API error for sensor 3: 500 - {
  "error": "Failed to add reading"
}

2025-08-03 16:41:03,314 - __main__ - ERROR - API error for sensor 4: 500 - {
  "error": "Failed to add reading"
}

2025-08-03 16:41:03,755 - __main__ - ERROR - API error for sensor 5: 500 - {
  "error": "Failed to add reading"
}

2025-08-03 16:41:05,238 - __main__ - ERROR - API error for sensor 7: 500 - {
  "error": "Failed to add reading"
}

2025-08-03 16:41:25,680 - __main__ - ERROR - API error for sensor 1: 500 - {
  "error": "Failed to add reading"
}

2025-08-03 16:41:27,131 - __main__ - ERROR - API error for sensor 2: 500 - {
  "error": "Failed to add reading"
}

2025-08-03 16:41:33,328 - __main__ - ERROR - API error for sensor 6: 500 - {
  "error": "Failed to add reading"
}

2025-08-03 16:41:36,116 - __main__ - ERROR - API error for sensor 5: 500 - {
  "error": "Failed to add reading"
}

2025-08-03 16:41:45,017 - __main__ - ERROR - API error for sensor 8: 500 - {
  "error": "Failed to add reading"
}

2025-08-03 16:41:58,629 - __main__ - ERROR - API error for sensor 1: 500 - {
  "error": "Failed to add reading"
}

2025-08-03 16:41:59,677 - __main__ - ERROR - API error for sensor 2: 500 - {
  "error": "Failed to add reading"
}

2025-08-03 16:42:04,950 - __main__ - ERROR - API error for sensor 3: 500 - {
  "error": "Failed to add reading"
}

2025-08-03 16:42:06,423 - __main__ - ERROR - API error for sensor 4: 500 - {
  "error": "Failed to add reading"
}

2025-08-03 16:42:06,424 - __main__ - ERROR - API error for sensor 6: 500 - {
  "error": "Failed to add reading"
}

2025-08-03 16:42:07,739 - __main__ - ERROR - API error for sensor 7: 500 - {
  "error": "Failed to add reading"
}

2025-08-03 16:42:09,291 - __main__ - ERROR - API error for sensor 5: 500 - {
  "error": "Failed to add reading"
}

2025-08-03 16:42:31,402 - __main__ - ERROR - API error for sensor 1: 500 - {
  "error": "Failed to add reading"
}

2025-08-03 16:42:32,380 - __main__ - ERROR - API error for sensor 2: 500 - {
  "error": "Failed to add reading"
}

2025-08-03 16:42:39,736 - __main__ - ERROR - API error for sensor 6: 500 - {
  "error": "Failed to add reading"
}

2025-08-03 16:42:41,979 - __main__ - ERROR - API error for sensor 5: 500 - {
  "error": "Failed to add reading"
}

2025-08-03 16:43:03,777 - __main__ - ERROR - API error for sensor 1: 500 - {
  "error": "Failed to add reading"
}

2025-08-03 16:43:05,593 - __main__ - ERROR - API error for sensor 2: 500 - {
  "error": "Failed to add reading"
}

2025-08-03 16:43:07,930 - __main__ - ERROR - API error for sensor 3: 500 - {
  "error": "Failed to add reading"
}

2025-08-03 16:43:09,128 - __main__ - ERROR - API error for sensor 4: 500 - {
  "error": "Failed to add reading"
}

2025-08-03 16:43:10,134 - __main__ - ERROR - API error for sensor 7: 500 - {
  "error": "Failed to add reading"
}

2025-08-03 16:43:12,385 - __main__ - ERROR - API error for sensor 6: 500 - {
  "error": "Failed to add reading"
}

2025-08-03 16:43:14,690 - __main__ - ERROR - API error for sensor 5: 500 - {
  "error": "Failed to add reading"
}

2025-08-03 16:43:36,243 - __main__ - ERROR - API error for sensor 1: 500 - {
  "error": "Failed to add reading"
}

2025-08-03 16:43:38,009 - __main__ - ERROR - API error for sensor 2: 500 - {
  "error": "Failed to add reading"
}

2025-08-03 16:43:44,976 - __main__ - ERROR - API error for sensor 6: 500 - {
  "error": "Failed to add reading"
}

2025-08-03 16:43:47,086 - __main__ - ERROR - API error for sensor 5: 500 - {
  "error": "Failed to add reading"
}

2025-08-03 16:44:08,389 - __main__ - ERROR - API error for sensor 1: 500 - {
  "error": "Failed to add reading"
}

2025-08-03 16:44:10,250 - __main__ - ERROR - API error for sensor 3: 500 - {
  "error": "Failed to add reading"
}

2025-08-03 16:44:11,128 - __main__ - ERROR - API error for sensor 2: 500 - {
  "error": "Failed to add reading"
}

2025-08-03 16:44:12,279 - __main__ - ERROR - API error for sensor 4: 500 - {
  "error": "Failed to add reading"
}

2025-08-03 16:44:12,848 - __main__ - ERROR - API error for sensor 7: 500 - {
  "error": "Failed to add reading"
}

2025-08-03 16:44:17,197 - __main__ - ERROR - API error for sensor 6: 500 - {
  "error": "Failed to add reading"
}

2025-08-03 16:44:19,794 - __main__ - ERROR - API error for sensor 5: 500 - {
  "error": "Failed to add reading"
}

2025-08-03 16:44:40,841 - __main__ - ERROR - API error for sensor 1: 500 - {
  "error": "Failed to add reading"
}

2025-08-03 16:44:44,696 - __main__ - ERROR - API error for sensor 2: 500 - {
  "error": "Failed to add reading"
}

2025-08-03 16:44:49,539 - __main__ - ERROR - API error for sensor 6: 500 - {
  "error": "Failed to add reading"
}

2025-08-03 16:44:52,603 - __main__ - ERROR - API error for sensor 5: 500 - {
  "error": "Failed to add reading"
}

2025-08-03 16:45:13,078 - __main__ - ERROR - API error for sensor 3: 500 - {
  "error": "Failed to add reading"
}

2025-08-03 16:45:13,525 - __main__ - ERROR - API error for sensor 1: 500 - {
  "error": "Failed to add reading"
}

2025-08-03 16:45:15,296 - __main__ - ERROR - API error for sensor 4: 500 - {
  "error": "Failed to add reading"
}

2025-08-03 16:45:15,632 - __main__ - ERROR - API error for sensor 7: 500 - {
  "error": "Failed to add reading"
}

2025-08-03 16:45:17,391 - __main__ - ERROR - API error for sensor 2: 500 - {
  "error": "Failed to add reading"
}

2025-08-03 16:45:22,468 - __main__ - ERROR - API error for sensor 6: 500 - {
  "error": "Failed to add reading"
}

2025-08-03 16:45:25,850 - __main__ - ERROR - API error for sensor 5: 500 - {
  "error": "Failed to add reading"
}

2025-08-03 16:45:46,393 - __main__ - ERROR - API error for sensor 1: 500 - {
  "error": "Failed to add reading"
}

2025-08-03 16:45:49,861 - __main__ - ERROR - API error for sensor 2: 500 - {
  "error": "Failed to add reading"
}

2025-08-03 16:45:55,352 - __main__ - ERROR - API error for sensor 6: 500 - {
  "error": "Failed to add reading"
}

2025-08-03 16:45:58,989 - __main__ - ERROR - API error for sensor 5: 500 - {
  "error": "Failed to add reading"
}

2025-08-03 16:46:15,348 - __main__ - ERROR - API error for sensor 3: 500 - {
  "error": "Failed to add reading"
}

2025-08-03 16:46:18,254 - __main__ - ERROR - API error for sensor 7: 500 - {
  "error": "Failed to add reading"
}

2025-08-03 16:46:18,514 - __main__ - ERROR - API error for sensor 4: 500 - {
  "error": "Failed to add reading"
}

2025-08-03 16:46:20,648 - __main__ - ERROR - API error for sensor 1: 500 - {
  "error": "Failed to add reading"
}

2025-08-03 16:46:23,626 - __main__ - ERROR - API error for sensor 2: 500 - {
  "error": "Failed to add reading"
}

2025-08-03 16:46:28,099 - __main__ - ERROR - API error for sensor 6: 500 - {
  "error": "Failed to add reading"
}

2025-08-03 16:46:31,871 - __main__ - ERROR - API error for sensor 5: 500 - {
  "error": "Failed to add reading"
}

2025-08-03 16:46:47,308 - __main__ - ERROR - API error for sensor 8: 500 - {
  "error": "Failed to add reading"
}

2025-08-03 16:46:52,779 - __main__ - ERROR - API error for sensor 1: 500 - {
  "error": "Failed to add reading"
}

2025-08-03 16:46:55,937 - __main__ - ERROR - API error for sensor 2: 500 - {
  "error": "Failed to add reading"
}

2025-08-03 16:47:00,861 - __main__ - ERROR - API error for sensor 6: 500 - {
  "error": "Failed to add reading"
}

2025-08-03 16:47:05,094 - __main__ - ERROR - API error for sensor 5: 500 - {
  "error": "Failed to add reading"
}

2025-08-03 16:47:18,783 - __main__ - ERROR - API error for sensor 3: 500 - {
  "error": "Failed to add reading"
}

2025-08-03 16:47:20,992 - __main__ - ERROR - API error for sensor 7: 500 - {
  "error": "Failed to add reading"
}

2025-08-03 16:47:21,192 - __main__ - ERROR - API error for sensor 4: 500 - {
  "error": "Failed to add reading"
}

2025-08-03 16:47:25,561 - __main__ - ERROR - API error for sensor 1: 500 - {
  "error": "Failed to add reading"
}

2025-08-03 16:47:28,443 - __main__ - ERROR - API error for sensor 2: 500 - {
  "error": "Failed to add reading"
}

2025-08-03 16:47:34,608 - __main__ - ERROR - API error for sensor 6: 500 - {
  "error": "Failed to add reading"
}

2025-08-03 16:47:37,799 - __main__ - ERROR - API error for sensor 5: 500 - {
  "error": "Failed to add reading"
}

2025-08-03 16:47:58,043 - __main__ - ERROR - API error for sensor 1: 500 - {
  "error": "Failed to add reading"
}

2025-08-03 16:48:01,054 - __main__ - ERROR - API error for sensor 2: 500 - {
  "error": "Failed to add reading"
}

2025-08-03 16:48:07,343 - __main__ - ERROR - API error for sensor 6: 500 - {
  "error": "Failed to add reading"
}

2025-08-03 16:48:10,774 - __main__ - ERROR - API error for sensor 5: 500 - {
  "error": "Failed to add reading"
}

2025-08-03 16:48:22,004 - __main__ - ERROR - API error for sensor 3: 500 - {
  "error": "Failed to add reading"
}

2025-08-03 16:48:23,756 - __main__ - ERROR - API error for sensor 7: 500 - {
  "error": "Failed to add reading"
}

2025-08-03 16:48:23,896 - __main__ - ERROR - API error for sensor 4: 500 - {
  "error": "Failed to add reading"
}

2025-08-03 16:48:31,097 - __main__ - ERROR - API error for sensor 1: 500 - {
  "error": "Failed to add reading"
}

2025-08-03 16:48:33,813 - __main__ - ERROR - API error for sensor 2: 500 - {
  "error": "Failed to add reading"
}

2025-08-03 16:48:40,076 - __main__ - ERROR - API error for sensor 6: 500 - {
  "error": "Failed to add reading"
}

2025-08-03 16:48:43,832 - __main__ - ERROR - API error for sensor 5: 500 - {
  "error": "Failed to add reading"
}

2025-08-03 16:49:03,682 - __main__ - ERROR - API error for sensor 1: 500 - {
  "error": "Failed to add reading"
}

2025-08-03 16:49:06,206 - __main__ - ERROR - API error for sensor 2: 500 - {
  "error": "Failed to add reading"
}

2025-08-03 16:49:12,702 - __main__ - ERROR - API error for sensor 6: 500 - {
  "error": "Failed to add reading"
}

2025-08-03 16:49:16,773 - __main__ - ERROR - API error for sensor 5: 500 - {
  "error": "Failed to add reading"
}

2025-08-03 16:49:24,355 - __main__ - ERROR - API error for sensor 3: 500 - {
  "error": "Failed to add reading"
}

2025-08-03 16:49:26,199 - __main__ - ERROR - API error for sensor 7: 500 - {
  "error": "Failed to add reading"
}

2025-08-03 16:49:26,609 - __main__ - ERROR - API error for sensor 4: 500 - {
  "error": "Failed to add reading"
}

2025-08-03 16:49:36,337 - __main__ - ERROR - API error for sensor 1: 500 - {
  "error": "Failed to add reading"
}

2025-08-03 16:49:39,143 - __main__ - ERROR - API error for sensor 2: 500 - {
  "error": "Failed to add reading"
}

2025-08-03 16:49:45,217 - __main__ - ERROR - API error for sensor 6: 500 - {
  "error": "Failed to add reading"
}

2025-08-03 16:49:50,459 - __main__ - ERROR - API error for sensor 5: 500 - {
  "error": "Failed to add reading"
}

2025-08-03 16:50:08,773 - __main__ - ERROR - API error for sensor 1: 500 - {
  "error": "Failed to add reading"
}

2025-08-03 16:50:11,615 - __main__ - ERROR - API error for sensor 2: 500 - {
  "error": "Failed to add reading"
}

2025-08-03 16:50:18,475 - __main__ - ERROR - API error for sensor 6: 500 - {
  "error": "Failed to add reading"
}

2025-08-03 16:50:23,141 - __main__ - ERROR - API error for sensor 5: 500 - {
  "error": "Failed to add reading"
}

2025-08-03 16:50:27,000 - __main__ - ERROR - API error for sensor 3: 500 - {
  "error": "Failed to add reading"
}

2025-08-03 16:50:28,725 - __main__ - ERROR - API error for sensor 7: 500 - {
  "error": "Failed to add reading"
}

2025-08-03 16:50:29,178 - __main__ - ERROR - API error for sensor 4: 500 - {
  "error": "Failed to add reading"
}

2025-08-03 16:50:42,114 - __main__ - ERROR - API error for sensor 1: 500 - {
  "error": "Failed to add reading"
}

2025-08-03 16:50:44,951 - __main__ - ERROR - API error for sensor 2: 500 - {
  "error": "Failed to add reading"
}

2025-08-03 16:50:51,823 - __main__ - ERROR - API error for sensor 6: 500 - {
  "error": "Failed to add reading"
}

2025-08-03 16:50:56,130 - __main__ - ERROR - API error for sensor 5: 500 - {
  "error": "Failed to add reading"
}

2025-08-03 16:51:14,585 - __main__ - ERROR - API error for sensor 1: 500 - {
  "error": "Failed to add reading"
}

2025-08-03 16:51:18,260 - __main__ - ERROR - API error for sensor 2: 500 - {
  "error": "Failed to add reading"
}

2025-08-03 16:51:24,751 - __main__ - ERROR - API error for sensor 6: 500 - {
  "error": "Failed to add reading"
}

2025-08-03 16:51:29,228 - __main__ - ERROR - API error for sensor 5: 500 - {
  "error": "Failed to add reading"
}

2025-08-03 16:51:29,495 - __main__ - ERROR - API error for sensor 3: 500 - {
  "error": "Failed to add reading"
}

2025-08-03 16:51:36,157 - __main__ - ERROR - Failed to send data for sensor 7: HTTPConnectionPool(host='localhost', port=5000): Read timed out. (read timeout=5)
2025-08-03 16:51:36,633 - __main__ - ERROR - Failed to send data for sensor 4: HTTPConnectionPool(host='localhost', port=5000): Read timed out. (read timeout=5)
2025-08-03 16:51:47,173 - __main__ - ERROR - API error for sensor 1: 500 - {
  "error": "Failed to add reading"
}

2025-08-03 16:51:50,128 - __main__ - ERROR - API error for sensor 8: 500 - {
  "error": "Failed to add reading"
}

2025-08-03 16:51:50,675 - __main__ - ERROR - API error for sensor 2: 500 - {
  "error": "Failed to add reading"
}

2025-08-03 16:51:57,383 - __main__ - ERROR - API error for sensor 6: 500 - {
  "error": "Failed to add reading"
}

2025-08-03 16:52:04,127 - __main__ - ERROR - Failed to send data for sensor 5: HTTPConnectionPool(host='localhost', port=5000): Max retries exceeded with url: /api/sensors/add_reading (Caused by NewConnectionError('<urllib3.connection.HTTPConnection object at 0x0000015AFF205590>: Failed to establish a new connection: [WinError 10061] No connection could be made because the target machine actively refused it'))
2025-08-03 16:52:04,629 - __main__ - INFO - Received interrupt signal, stopping simulation
2025-08-03 16:52:04,639 - __main__ - INFO - Stopping all sensor simulations
